<?xml version="1.0" encoding="UTF-8"?>
<!-- Generated by org.testng.reporters.JUnitReportReporter -->
<testsuite hostname="clix-Inspiron-7560" failures="0" tests="2" name="Test.PractiseTest" time="2.063" errors="0" timestamp="2022-01-05T18:24:26 IST" skipped="0">
  <testcase classname="Test.PractiseTest" name="t1" time="1.024"/>
  <system-out/>
  <testcase classname="Test.PractiseTest" name="t1" time="1.039"/>
  <system-out/>
</testsuite> <!-- Test.PractiseTest -->
